<?xml version="1.0" encoding="UTF-8"?>
<testsuite xmlns:xsi="http://www.w3.org/2001/XMLSchema-instance" xsi:noNamespaceSchemaLocation="https://maven.apache.org/surefire/maven-surefire-plugin/xsd/surefire-test-report.xsd" version="3.0.2" name="com.springboot.Jwd68SpringbootApplicationTests" time="5.64" tests="1" errors="0" skipped="0" failures="0" flakes="0">
  <properties>
[...]
</properties>
  <testcase name="contextLoads" classname="com.springboot.Jwd68SpringbootApplicationTests" time="1.298">
    <system-out><![CDATA[10:36:56.058 [main] INFO org.springframework.test.context.support.AnnotationConfigContextLoaderUtils -- Could not detect default configuration classes for test class [com.springboot.Jwd68SpringbootApplicationTests]: Jwd68SpringbootApplicationTests does not declare any static, non-private, non-final, nested classes annotated with @Configuration.
10:36:56.288 [main] INFO org.springframework.boot.test.context.SpringBootTestContextBootstrapper -- Found @SpringBootConfiguration com.springboot.Jwd68SpringbootApplication for test class com.springboot.Jwd68SpringbootApplicationTests
10:36:56.468 [main] INFO org.springframework.test.context.support.AnnotationConfigContextLoaderUtils -- Could not detect default configuration classes for test class [com.springboot.Jwd68SpringbootApplicationTests]: Jwd68SpringbootApplicationTests does not declare any static, non-private, non-final, nested classes annotated with @Configuration.
10:36:56.473 [main] INFO org.springframework.boot.test.context.SpringBootTestContextBootstrapper -- Found @SpringBootConfiguration com.springboot.Jwd68SpringbootApplication for test class com.springboot.Jwd68SpringbootApplicationTests

  .   ____          _            __ _ _
 /\\ / ___'_ __ _ _(_)_ __  __ _ \ \ \ \
( ( )\___ | '_ | '_| | '_ \/ _` | \ \ \ \
 \\/  ___)| |_)| | | | | || (_| |  ) ) ) )
  '  |____| .__|_| |_|_| |_\__, | / / / /
 =========|_|==============|___/=/_/_/_/

 :: Spring Boot ::                (v4.0.6)

2026-05-27T10:36:57.443+06:30  INFO 23348 --- [JWD68_Springboot] [           main] c.s.Jwd68SpringbootApplicationTests      : Starting Jwd68SpringbootApplicationTests using Java 17.0.12 with PID 23348 (started by HP in C:\Users\HP\Desktop\Java\JWD68_Springboot)
2026-05-27T10:36:57.466+06:30  INFO 23348 --- [JWD68_Springboot] [           main] c.s.Jwd68SpringbootApplicationTests      : No active profile set, falling back to 1 default profile: "default"
2026-05-27T10:36:59.690+06:30  WARN 23348 --- [JWD68_Springboot] [           main] ion$DefaultTemplateResolverConfiguration : Cannot find template location: classpath:/templates/ (please add some templates, check your Thymeleaf configuration, or set spring.thymeleaf.check-template-location=false)
2026-05-27T10:36:59.944+06:30  INFO 23348 --- [JWD68_Springboot] [           main] c.s.Jwd68SpringbootApplicationTests      : Started Jwd68SpringbootApplicationTests in 3.304 seconds (process running for 5.926)
]]></system-out>
  </testcase>
</testsuite>